DEBUG:root:Reading(datetime=1665021239, event='f3ec6e7b-382b-472b-ad13-c52d7327cf76', best_lat=45.5728875, best_long=-122.66610937499999, sensor_name='arduino_1', sensor_reading=10.0, recent_average=10.0, sensor_type=<SensorTypes.TEMPERATURE: 1>) into db
DEBUG:root:NotificationType.RAPID_INCREASE
DEBUG:root:Appended (Reading(datetime=1665021239, event='f3ec6e7b-382b-472b-ad13-c52d7327cf76', best_lat=45.5728875, best_long=-122.66610937499999, sensor_name='arduino_1', sensor_reading=10.0, recent_average=10.0, sensor_type=<SensorTypes.TEMPERATURE: 1>), <NotificationType.RAPID_INCREASE: 3>) to notification queue.
DEBUG:root:Reading(datetime=1665021239, event='f3ec6e7b-382b-472b-ad13-c52d7327cf76', best_lat=45.5728875, best_long=-122.66610937499999, sensor_name='notecard', sensor_reading=10.0, recent_average=10.0, sensor_type=<SensorTypes.TEMPERATURE: 1>) into db
DEBUG:root:NotificationType.RAPID_INCREASE
DEBUG:root:Appended (Reading(datetime=1665021239, event='f3ec6e7b-382b-472b-ad13-c52d7327cf76', best_lat=45.5728875, best_long=-122.66610937499999, sensor_name='notecard', sensor_reading=10.0, recent_average=10.0, sensor_type=<SensorTypes.TEMPERATURE: 1>), <NotificationType.RAPID_INCREASE: 3>) to notification queue.
DEBUG:root:Reading(datetime=1665021239, event='f3ec6e7b-382b-472b-ad13-c52d7327cf76', best_lat=45.5728875, best_long=-122.66610937499999, sensor_name='notecard2', sensor_reading=10.0, recent_average=10.0, sensor_type=<SensorTypes.TEMPERATURE: 1>) into db
DEBUG:root:NotificationType.RAPID_INCREASE
DEBUG:root:Appended (Reading(datetime=1665021239, event='f3ec6e7b-382b-472b-ad13-c52d7327cf76', best_lat=45.5728875, best_long=-122.66610937499999, sensor_name='notecard2', sensor_reading=10.0, recent_average=10.0, sensor_type=<SensorTypes.TEMPERATURE: 1>), <NotificationType.RAPID_INCREASE: 3>) to notification queue.
DEBUG:root:[(Reading(datetime=1665021239, event='f3ec6e7b-382b-472b-ad13-c52d7327cf76', best_lat=45.5728875, best_long=-122.66610937499999, sensor_name='arduino_1', sensor_reading=10.0, recent_average=10.0, sensor_type=<SensorTypes.TEMPERATURE: 1>), <NotificationType.RAPID_INCREASE: 3>), (Reading(datetime=1665021239, event='f3ec6e7b-382b-472b-ad13-c52d7327cf76', best_lat=45.5728875, best_long=-122.66610937499999, sensor_name='notecard', sensor_reading=10.0, recent_average=10.0, sensor_type=<SensorTypes.TEMPERATURE: 1>), <NotificationType.RAPID_INCREASE: 3>), (Reading(datetime=1665021239, event='f3ec6e7b-382b-472b-ad13-c52d7327cf76', best_lat=45.5728875, best_long=-122.66610937499999, sensor_name='notecard2', sensor_reading=10.0, recent_average=10.0, sensor_type=<SensorTypes.TEMPERATURE: 1>), <NotificationType.RAPID_INCREASE: 3>)]
INFO:twilio.http_client:-- BEGIN Twilio API Request --
INFO:twilio.http_client:POST Request: https://api.twilio.com/2010-04-01/Accounts/ACefcec33b19c3caff117e887becc55b1f/Messages.json
INFO:twilio.http_client:Headers:
INFO:twilio.http_client:User-Agent : twilio-python/7.15.0 (Darwin arm64) Python/3.10.4
INFO:twilio.http_client:X-Twilio-Client : python-7.15.0
INFO:twilio.http_client:Accept-Charset : utf-8
INFO:twilio.http_client:Content-Type : application/x-www-form-urlencoded
INFO:twilio.http_client:Accept : application/json
INFO:twilio.http_client:-- END Twilio API Request --
DEBUG:urllib3.connectionpool:Starting new HTTPS connection (1): api.twilio.com:443
DEBUG:urllib3.connectionpool:https://api.twilio.com:443 "POST /2010-04-01/Accounts/ACefcec33b19c3caff117e887becc55b1f/Messages.json HTTP/1.1" 201 978
INFO:twilio.http_client:Response Status Code: 201
INFO:twilio.http_client:Response Headers: {'Date': 'Wed, 02 Nov 2022 19:13:46 GMT', 'Content-Type': 'application/json; charset=utf-8', 'Content-Length': '978', 'Connection': 'keep-alive', 'Twilio-Concurrent-Requests': '1', 'Twilio-Request-Id': 'RQ08e7fcf48bb4775fb30436964074d581', 'Twilio-Request-Duration': '0.127', 'Access-Control-Allow-Origin': '*', 'Access-Control-Allow-Headers': 'Accept, Authorization, Content-Type, If-Match, If-Modified-Since, If-None-Match, If-Unmodified-Since, Idempotency-Key', 'Access-Control-Allow-Methods': 'GET, POST, DELETE, OPTIONS', 'Access-Control-Expose-Headers': 'ETag', 'Access-Control-Allow-Credentials': 'true', 'X-Powered-By': 'AT-5000', 'X-Shenanigans': 'none', 'X-Home-Region': 'us1', 'X-API-Domain': 'api.twilio.com', 'Strict-Transport-Security': 'max-age=31536000'}
DEBUG:root:Reading(datetime=1665021239, event='f3ec6e7b-382b-472b-ad13-c52d7327cf76', best_lat=45.5728875, best_long=-122.66610937499999, sensor_name='arduino_1', sensor_reading=10.0, recent_average=10.0, sensor_type=<SensorTypes.TEMPERATURE: 1>) into db
DEBUG:root:NotificationType.RAPID_INCREASE
DEBUG:root:Appended (Reading(datetime=1665021239, event='f3ec6e7b-382b-472b-ad13-c52d7327cf76', best_lat=45.5728875, best_long=-122.66610937499999, sensor_name='arduino_1', sensor_reading=10.0, recent_average=10.0, sensor_type=<SensorTypes.TEMPERATURE: 1>), <NotificationType.RAPID_INCREASE: 3>) to notification queue.
DEBUG:root:Reading(datetime=1665021239, event='f3ec6e7b-382b-472b-ad13-c52d7327cf76', best_lat=45.5728875, best_long=-122.66610937499999, sensor_name='notecard', sensor_reading=10.0, recent_average=10.0, sensor_type=<SensorTypes.TEMPERATURE: 1>) into db
DEBUG:root:NotificationType.RAPID_INCREASE
DEBUG:root:Appended (Reading(datetime=1665021239, event='f3ec6e7b-382b-472b-ad13-c52d7327cf76', best_lat=45.5728875, best_long=-122.66610937499999, sensor_name='notecard', sensor_reading=10.0, recent_average=10.0, sensor_type=<SensorTypes.TEMPERATURE: 1>), <NotificationType.RAPID_INCREASE: 3>) to notification queue.
DEBUG:root:Reading(datetime=1665021239, event='f3ec6e7b-382b-472b-ad13-c52d7327cf76', best_lat=45.5728875, best_long=-122.66610937499999, sensor_name='notecard2', sensor_reading=10.0, recent_average=10.0, sensor_type=<SensorTypes.TEMPERATURE: 1>) into db
DEBUG:root:NotificationType.RAPID_INCREASE
DEBUG:root:Appended (Reading(datetime=1665021239, event='f3ec6e7b-382b-472b-ad13-c52d7327cf76', best_lat=45.5728875, best_long=-122.66610937499999, sensor_name='notecard2', sensor_reading=10.0, recent_average=10.0, sensor_type=<SensorTypes.TEMPERATURE: 1>), <NotificationType.RAPID_INCREASE: 3>) to notification queue.
DEBUG:root:[(Reading(datetime=1665021239, event='f3ec6e7b-382b-472b-ad13-c52d7327cf76', best_lat=45.5728875, best_long=-122.66610937499999, sensor_name='arduino_1', sensor_reading=10.0, recent_average=10.0, sensor_type=<SensorTypes.TEMPERATURE: 1>), <NotificationType.RAPID_INCREASE: 3>), (Reading(datetime=1665021239, event='f3ec6e7b-382b-472b-ad13-c52d7327cf76', best_lat=45.5728875, best_long=-122.66610937499999, sensor_name='notecard', sensor_reading=10.0, recent_average=10.0, sensor_type=<SensorTypes.TEMPERATURE: 1>), <NotificationType.RAPID_INCREASE: 3>), (Reading(datetime=1665021239, event='f3ec6e7b-382b-472b-ad13-c52d7327cf76', best_lat=45.5728875, best_long=-122.66610937499999, sensor_name='notecard2', sensor_reading=10.0, recent_average=10.0, sensor_type=<SensorTypes.TEMPERATURE: 1>), <NotificationType.RAPID_INCREASE: 3>)]
INFO:twilio.http_client:-- BEGIN Twilio API Request --
INFO:twilio.http_client:POST Request: https://api.twilio.com/2010-04-01/Accounts/ACefcec33b19c3caff117e887becc55b1f/Messages.json
INFO:twilio.http_client:Headers:
INFO:twilio.http_client:User-Agent : twilio-python/7.15.0 (Darwin arm64) Python/3.10.4
INFO:twilio.http_client:X-Twilio-Client : python-7.15.0
INFO:twilio.http_client:Accept-Charset : utf-8
INFO:twilio.http_client:Content-Type : application/x-www-form-urlencoded
INFO:twilio.http_client:Accept : application/json
INFO:twilio.http_client:-- END Twilio API Request --
DEBUG:urllib3.connectionpool:Starting new HTTPS connection (1): api.twilio.com:443
DEBUG:urllib3.connectionpool:https://api.twilio.com:443 "POST /2010-04-01/Accounts/ACefcec33b19c3caff117e887becc55b1f/Messages.json HTTP/1.1" 201 978
INFO:twilio.http_client:Response Status Code: 201
INFO:twilio.http_client:Response Headers: {'Date': 'Wed, 02 Nov 2022 19:13:48 GMT', 'Content-Type': 'application/json; charset=utf-8', 'Content-Length': '978', 'Connection': 'keep-alive', 'Twilio-Concurrent-Requests': '1', 'Twilio-Request-Id': 'RQc12f6ad96ee908bf40c97e5b482c227a', 'Twilio-Request-Duration': '0.137', 'Access-Control-Allow-Origin': '*', 'Access-Control-Allow-Headers': 'Accept, Authorization, Content-Type, If-Match, If-Modified-Since, If-None-Match, If-Unmodified-Since, Idempotency-Key', 'Access-Control-Allow-Methods': 'GET, POST, DELETE, OPTIONS', 'Access-Control-Expose-Headers': 'ETag', 'Access-Control-Allow-Credentials': 'true', 'X-Powered-By': 'AT-5000', 'X-Shenanigans': 'none', 'X-Home-Region': 'us1', 'X-API-Domain': 'api.twilio.com', 'Strict-Transport-Security': 'max-age=31536000'}
DEBUG:root:event triggered at 1665021239
DEBUG:root:Reading(datetime=1665021239, event='f3ec6e7b-382b-472b-ad13-c52d7327cf76', best_lat=45.5728875, best_long=-122.66610937499999, sensor_name='arduino_1', sensor_reading=10.0, recent_average=10.0, sensor_type=<SensorTypes.TEMPERATURE: 1>) into db
DEBUG:root:NotificationType.RAPID_INCREASE
DEBUG:root:Appended (Reading(datetime=1665021239, event='f3ec6e7b-382b-472b-ad13-c52d7327cf76', best_lat=45.5728875, best_long=-122.66610937499999, sensor_name='arduino_1', sensor_reading=10.0, recent_average=10.0, sensor_type=<SensorTypes.TEMPERATURE: 1>), <NotificationType.RAPID_INCREASE: 3>) to notification queue.
DEBUG:root:Reading(datetime=1665021239, event='f3ec6e7b-382b-472b-ad13-c52d7327cf76', best_lat=45.5728875, best_long=-122.66610937499999, sensor_name='notecard', sensor_reading=10.0, recent_average=10.0, sensor_type=<SensorTypes.TEMPERATURE: 1>) into db
DEBUG:root:NotificationType.RAPID_INCREASE
DEBUG:root:Appended (Reading(datetime=1665021239, event='f3ec6e7b-382b-472b-ad13-c52d7327cf76', best_lat=45.5728875, best_long=-122.66610937499999, sensor_name='notecard', sensor_reading=10.0, recent_average=10.0, sensor_type=<SensorTypes.TEMPERATURE: 1>), <NotificationType.RAPID_INCREASE: 3>) to notification queue.
DEBUG:root:Reading(datetime=1665021239, event='f3ec6e7b-382b-472b-ad13-c52d7327cf76', best_lat=45.5728875, best_long=-122.66610937499999, sensor_name='notecard2', sensor_reading=10.0, recent_average=10.0, sensor_type=<SensorTypes.TEMPERATURE: 1>) into db
DEBUG:root:NotificationType.RAPID_INCREASE
DEBUG:root:Appended (Reading(datetime=1665021239, event='f3ec6e7b-382b-472b-ad13-c52d7327cf76', best_lat=45.5728875, best_long=-122.66610937499999, sensor_name='notecard2', sensor_reading=10.0, recent_average=10.0, sensor_type=<SensorTypes.TEMPERATURE: 1>), <NotificationType.RAPID_INCREASE: 3>) to notification queue.
DEBUG:root:[(Reading(datetime=1665021239, event='f3ec6e7b-382b-472b-ad13-c52d7327cf76', best_lat=45.5728875, best_long=-122.66610937499999, sensor_name='arduino_1', sensor_reading=10.0, recent_average=10.0, sensor_type=<SensorTypes.TEMPERATURE: 1>), <NotificationType.RAPID_INCREASE: 3>), (Reading(datetime=1665021239, event='f3ec6e7b-382b-472b-ad13-c52d7327cf76', best_lat=45.5728875, best_long=-122.66610937499999, sensor_name='notecard', sensor_reading=10.0, recent_average=10.0, sensor_type=<SensorTypes.TEMPERATURE: 1>), <NotificationType.RAPID_INCREASE: 3>), (Reading(datetime=1665021239, event='f3ec6e7b-382b-472b-ad13-c52d7327cf76', best_lat=45.5728875, best_long=-122.66610937499999, sensor_name='notecard2', sensor_reading=10.0, recent_average=10.0, sensor_type=<SensorTypes.TEMPERATURE: 1>), <NotificationType.RAPID_INCREASE: 3>)]
INFO:twilio.http_client:-- BEGIN Twilio API Request --
INFO:twilio.http_client:POST Request: https://api.twilio.com/2010-04-01/Accounts/ACefcec33b19c3caff117e887becc55b1f/Messages.json
INFO:twilio.http_client:Headers:
INFO:twilio.http_client:User-Agent : twilio-python/7.15.0 (Darwin arm64) Python/3.10.4
INFO:twilio.http_client:X-Twilio-Client : python-7.15.0
INFO:twilio.http_client:Accept-Charset : utf-8
INFO:twilio.http_client:Content-Type : application/x-www-form-urlencoded
INFO:twilio.http_client:Accept : application/json
INFO:twilio.http_client:-- END Twilio API Request --
DEBUG:urllib3.connectionpool:Starting new HTTPS connection (1): api.twilio.com:443
DEBUG:urllib3.connectionpool:https://api.twilio.com:443 "POST /2010-04-01/Accounts/ACefcec33b19c3caff117e887becc55b1f/Messages.json HTTP/1.1" 201 978
INFO:twilio.http_client:Response Status Code: 201
INFO:twilio.http_client:Response Headers: {'Date': 'Wed, 02 Nov 2022 19:14:52 GMT', 'Content-Type': 'application/json; charset=utf-8', 'Content-Length': '978', 'Connection': 'keep-alive', 'Twilio-Concurrent-Requests': '1', 'Twilio-Request-Id': 'RQ003cba50d7002bd42178436e1360cf3c', 'Twilio-Request-Duration': '0.139', 'Access-Control-Allow-Origin': '*', 'Access-Control-Allow-Headers': 'Accept, Authorization, Content-Type, If-Match, If-Modified-Since, If-None-Match, If-Unmodified-Since, Idempotency-Key', 'Access-Control-Allow-Methods': 'GET, POST, DELETE, OPTIONS', 'Access-Control-Expose-Headers': 'ETag', 'Access-Control-Allow-Credentials': 'true', 'X-Powered-By': 'AT-5000', 'X-Shenanigans': 'none', 'X-Home-Region': 'us1', 'X-API-Domain': 'api.twilio.com', 'Strict-Transport-Security': 'max-age=31536000'}
DEBUG:root:event triggered at 1665021239
DEBUG:root:Reading(datetime=1665021239, event='f3ec6e7b-382b-472b-ad13-c52d7327cf76', best_lat=45.5728875, best_long=-122.66610937499999, sensor_name='arduino_1', sensor_reading=10.0, recent_average=10.0, sensor_type=<SensorTypes.TEMPERATURE: 1>) into db
DEBUG:root:event triggered at 1665021239
DEBUG:root:Reading(datetime=1665021239, event='f3ec6e7b-382b-472b-ad13-c52d7327cf76', best_lat=45.5728875, best_long=-122.66610937499999, sensor_name='arduino_1', sensor_reading=10.0, recent_average=10.0, sensor_type=<SensorTypes.TEMPERATURE: 1>) into db
DEBUG:root:event triggered at 1665021239
DEBUG:root:Reading(datetime=1665021239, event='f3ec6e7b-382b-472b-ad13-c52d7327cf76', best_lat=45.5728875, best_long=-122.66610937499999, sensor_name='arduino_1', sensor_reading=10.0, recent_average=10.0, sensor_type=<SensorTypes.TEMPERATURE: 1>) into db
DEBUG:root:NotificationType.RAPID_INCREASE
DEBUG:root:Appended (Reading(datetime=1665021239, event='f3ec6e7b-382b-472b-ad13-c52d7327cf76', best_lat=45.5728875, best_long=-122.66610937499999, sensor_name='arduino_1', sensor_reading=10.0, recent_average=10.0, sensor_type=<SensorTypes.TEMPERATURE: 1>), <NotificationType.RAPID_INCREASE: 3>) to notification queue.
DEBUG:root:Reading(datetime=1665021239, event='f3ec6e7b-382b-472b-ad13-c52d7327cf76', best_lat=45.5728875, best_long=-122.66610937499999, sensor_name='notecard', sensor_reading=10.0, recent_average=10.0, sensor_type=<SensorTypes.TEMPERATURE: 1>) into db
DEBUG:root:NotificationType.RAPID_INCREASE
DEBUG:root:Appended (Reading(datetime=1665021239, event='f3ec6e7b-382b-472b-ad13-c52d7327cf76', best_lat=45.5728875, best_long=-122.66610937499999, sensor_name='notecard', sensor_reading=10.0, recent_average=10.0, sensor_type=<SensorTypes.TEMPERATURE: 1>), <NotificationType.RAPID_INCREASE: 3>) to notification queue.
DEBUG:root:Reading(datetime=1665021239, event='f3ec6e7b-382b-472b-ad13-c52d7327cf76', best_lat=45.5728875, best_long=-122.66610937499999, sensor_name='notecard2', sensor_reading=10.0, recent_average=10.0, sensor_type=<SensorTypes.TEMPERATURE: 1>) into db
DEBUG:root:NotificationType.RAPID_INCREASE
DEBUG:root:Appended (Reading(datetime=1665021239, event='f3ec6e7b-382b-472b-ad13-c52d7327cf76', best_lat=45.5728875, best_long=-122.66610937499999, sensor_name='notecard2', sensor_reading=10.0, recent_average=10.0, sensor_type=<SensorTypes.TEMPERATURE: 1>), <NotificationType.RAPID_INCREASE: 3>) to notification queue.
DEBUG:root:[(Reading(datetime=1665021239, event='f3ec6e7b-382b-472b-ad13-c52d7327cf76', best_lat=45.5728875, best_long=-122.66610937499999, sensor_name='arduino_1', sensor_reading=10.0, recent_average=10.0, sensor_type=<SensorTypes.TEMPERATURE: 1>), <NotificationType.RAPID_INCREASE: 3>), (Reading(datetime=1665021239, event='f3ec6e7b-382b-472b-ad13-c52d7327cf76', best_lat=45.5728875, best_long=-122.66610937499999, sensor_name='notecard', sensor_reading=10.0, recent_average=10.0, sensor_type=<SensorTypes.TEMPERATURE: 1>), <NotificationType.RAPID_INCREASE: 3>), (Reading(datetime=1665021239, event='f3ec6e7b-382b-472b-ad13-c52d7327cf76', best_lat=45.5728875, best_long=-122.66610937499999, sensor_name='notecard2', sensor_reading=10.0, recent_average=10.0, sensor_type=<SensorTypes.TEMPERATURE: 1>), <NotificationType.RAPID_INCREASE: 3>)]
INFO:twilio.http_client:-- BEGIN Twilio API Request --
INFO:twilio.http_client:POST Request: https://api.twilio.com/2010-04-01/Accounts/ACefcec33b19c3caff117e887becc55b1f/Messages.json
INFO:twilio.http_client:Headers:
INFO:twilio.http_client:User-Agent : twilio-python/7.15.0 (Darwin arm64) Python/3.10.4
INFO:twilio.http_client:X-Twilio-Client : python-7.15.0
INFO:twilio.http_client:Accept-Charset : utf-8
INFO:twilio.http_client:Content-Type : application/x-www-form-urlencoded
INFO:twilio.http_client:Accept : application/json
INFO:twilio.http_client:-- END Twilio API Request --
DEBUG:urllib3.connectionpool:Starting new HTTPS connection (1): api.twilio.com:443
DEBUG:urllib3.connectionpool:https://api.twilio.com:443 "POST /2010-04-01/Accounts/ACefcec33b19c3caff117e887becc55b1f/Messages.json HTTP/1.1" 201 978
INFO:twilio.http_client:Response Status Code: 201
INFO:twilio.http_client:Response Headers: {'Date': 'Wed, 02 Nov 2022 19:23:48 GMT', 'Content-Type': 'application/json; charset=utf-8', 'Content-Length': '978', 'Connection': 'keep-alive', 'Twilio-Concurrent-Requests': '1', 'Twilio-Request-Id': 'RQ66db6d3947825a16c36a4ad4633d32f5', 'Twilio-Request-Duration': '0.128', 'Access-Control-Allow-Origin': '*', 'Access-Control-Allow-Headers': 'Accept, Authorization, Content-Type, If-Match, If-Modified-Since, If-None-Match, If-Unmodified-Since, Idempotency-Key', 'Access-Control-Allow-Methods': 'GET, POST, DELETE, OPTIONS', 'Access-Control-Expose-Headers': 'ETag', 'Access-Control-Allow-Credentials': 'true', 'X-Powered-By': 'AT-5000', 'X-Shenanigans': 'none', 'X-Home-Region': 'us1', 'X-API-Domain': 'api.twilio.com', 'Strict-Transport-Security': 'max-age=31536000'}
DEBUG:root:event triggered at 1665021239
DEBUG:root:event triggered at 1665021239
DEBUG:root:event triggered at 1665021239
DEBUG:root:event triggered at 1665021239
DEBUG:root:Reading(datetime=1665021239, event='f3ec6e7b-382b-472b-ad13-c52d7327cf76', best_lat=45.5728875, best_long=-122.66610937499999, sensor_name='arduino_1', sensor_reading=10.0, recent_average=10.0, sensor_type=<SensorTypes.TEMPERATURE: 1>) into db
DEBUG:root:event triggered at 1665021239
DEBUG:root:Reading(datetime=1665021239, event='f3ec6e7b-382b-472b-ad13-c52d7327cf76', best_lat=45.5728875, best_long=-122.66610937499999, sensor_name='arduino_1', sensor_reading=10.0, recent_average=10.0, sensor_type=<SensorTypes.TEMPERATURE: 1>) into db
DEBUG:root:event triggered at 1665021239
DEBUG:root:Reading(datetime=1665021239, event='f3ec6e7b-382b-472b-ad13-c52d7327cf76', best_lat=45.5728875, best_long=-122.66610937499999, sensor_name='arduino_1', sensor_reading=10.0, recent_average=10.0, sensor_type=<SensorTypes.TEMPERATURE: 1>) into db
DEBUG:root:inserted reading into <deta.base._Base object at 0x104486620>
DEBUG:root:inserted reading into <deta.base._Base object at 0x104486860>
DEBUG:root:NotificationType.RAPID_INCREASE
DEBUG:root:Appended (Reading(datetime=1665021239, event='f3ec6e7b-382b-472b-ad13-c52d7327cf76', best_lat=45.5728875, best_long=-122.66610937499999, sensor_name='arduino_1', sensor_reading=10.0, recent_average=10.0, sensor_type=<SensorTypes.TEMPERATURE: 1>), <NotificationType.RAPID_INCREASE: 3>) to notification queue.
DEBUG:root:Reading(datetime=1665021239, event='f3ec6e7b-382b-472b-ad13-c52d7327cf76', best_lat=45.5728875, best_long=-122.66610937499999, sensor_name='notecard', sensor_reading=10.0, recent_average=10.0, sensor_type=<SensorTypes.TEMPERATURE: 1>) into db
DEBUG:root:inserted reading into <deta.base._Base object at 0x104486620>
DEBUG:root:inserted reading into <deta.base._Base object at 0x104486860>
DEBUG:root:NotificationType.RAPID_INCREASE
DEBUG:root:Appended (Reading(datetime=1665021239, event='f3ec6e7b-382b-472b-ad13-c52d7327cf76', best_lat=45.5728875, best_long=-122.66610937499999, sensor_name='notecard', sensor_reading=10.0, recent_average=10.0, sensor_type=<SensorTypes.TEMPERATURE: 1>), <NotificationType.RAPID_INCREASE: 3>) to notification queue.
DEBUG:root:Reading(datetime=1665021239, event='f3ec6e7b-382b-472b-ad13-c52d7327cf76', best_lat=45.5728875, best_long=-122.66610937499999, sensor_name='notecard2', sensor_reading=10.0, recent_average=10.0, sensor_type=<SensorTypes.TEMPERATURE: 1>) into db
DEBUG:root:inserted reading into <deta.base._Base object at 0x104486620>
DEBUG:root:inserted reading into <deta.base._Base object at 0x104486860>
DEBUG:root:NotificationType.RAPID_INCREASE
DEBUG:root:Appended (Reading(datetime=1665021239, event='f3ec6e7b-382b-472b-ad13-c52d7327cf76', best_lat=45.5728875, best_long=-122.66610937499999, sensor_name='notecard2', sensor_reading=10.0, recent_average=10.0, sensor_type=<SensorTypes.TEMPERATURE: 1>), <NotificationType.RAPID_INCREASE: 3>) to notification queue.
DEBUG:root:[(Reading(datetime=1665021239, event='f3ec6e7b-382b-472b-ad13-c52d7327cf76', best_lat=45.5728875, best_long=-122.66610937499999, sensor_name='arduino_1', sensor_reading=10.0, recent_average=10.0, sensor_type=<SensorTypes.TEMPERATURE: 1>), <NotificationType.RAPID_INCREASE: 3>), (Reading(datetime=1665021239, event='f3ec6e7b-382b-472b-ad13-c52d7327cf76', best_lat=45.5728875, best_long=-122.66610937499999, sensor_name='notecard', sensor_reading=10.0, recent_average=10.0, sensor_type=<SensorTypes.TEMPERATURE: 1>), <NotificationType.RAPID_INCREASE: 3>), (Reading(datetime=1665021239, event='f3ec6e7b-382b-472b-ad13-c52d7327cf76', best_lat=45.5728875, best_long=-122.66610937499999, sensor_name='notecard2', sensor_reading=10.0, recent_average=10.0, sensor_type=<SensorTypes.TEMPERATURE: 1>), <NotificationType.RAPID_INCREASE: 3>)]
INFO:twilio.http_client:-- BEGIN Twilio API Request --
INFO:twilio.http_client:POST Request: https://api.twilio.com/2010-04-01/Accounts/ACefcec33b19c3caff117e887becc55b1f/Messages.json
INFO:twilio.http_client:Headers:
INFO:twilio.http_client:User-Agent : twilio-python/7.15.0 (Darwin arm64) Python/3.10.4
INFO:twilio.http_client:X-Twilio-Client : python-7.15.0
INFO:twilio.http_client:Accept-Charset : utf-8
INFO:twilio.http_client:Content-Type : application/x-www-form-urlencoded
INFO:twilio.http_client:Accept : application/json
INFO:twilio.http_client:-- END Twilio API Request --
DEBUG:urllib3.connectionpool:Starting new HTTPS connection (1): api.twilio.com:443
DEBUG:urllib3.connectionpool:https://api.twilio.com:443 "POST /2010-04-01/Accounts/ACefcec33b19c3caff117e887becc55b1f/Messages.json HTTP/1.1" 201 978
INFO:twilio.http_client:Response Status Code: 201
INFO:twilio.http_client:Response Headers: {'Date': 'Wed, 02 Nov 2022 19:29:54 GMT', 'Content-Type': 'application/json; charset=utf-8', 'Content-Length': '978', 'Connection': 'keep-alive', 'Twilio-Concurrent-Requests': '1', 'Twilio-Request-Id': 'RQ3776b6102cd0d8815a1e6d8556f4e42d', 'Twilio-Request-Duration': '0.125', 'Access-Control-Allow-Origin': '*', 'Access-Control-Allow-Headers': 'Accept, Authorization, Content-Type, If-Match, If-Modified-Since, If-None-Match, If-Unmodified-Since, Idempotency-Key', 'Access-Control-Allow-Methods': 'GET, POST, DELETE, OPTIONS', 'Access-Control-Expose-Headers': 'ETag', 'Access-Control-Allow-Credentials': 'true', 'X-Powered-By': 'AT-5000', 'X-Shenanigans': 'none', 'X-Home-Region': 'us1', 'X-API-Domain': 'api.twilio.com', 'Strict-Transport-Security': 'max-age=31536000'}
DEBUG:root:event triggered at 1665021239
DEBUG:root:Reading(datetime=1665021239, event='f3ec6e7b-382b-472b-ad13-c52d7327cf76', best_lat=45.5728875, best_long=-122.66610937499999, sensor_name='arduino_1', sensor_reading=10.0, recent_average=10.0, sensor_type=<SensorTypes.TEMPERATURE: 1>) into db
DEBUG:root:inserted reading into <deta.base._Base object at 0x1066165f0>
DEBUG:root:inserted reading into <deta.base._Base object at 0x106616830>
DEBUG:root:NotificationType.RAPID_INCREASE
DEBUG:root:Appended (Reading(datetime=1665021239, event='f3ec6e7b-382b-472b-ad13-c52d7327cf76', best_lat=45.5728875, best_long=-122.66610937499999, sensor_name='arduino_1', sensor_reading=10.0, recent_average=10.0, sensor_type=<SensorTypes.TEMPERATURE: 1>), <NotificationType.RAPID_INCREASE: 3>) to notification queue.
DEBUG:root:Reading(datetime=1665021239, event='f3ec6e7b-382b-472b-ad13-c52d7327cf76', best_lat=45.5728875, best_long=-122.66610937499999, sensor_name='notecard', sensor_reading=10.0, recent_average=10.0, sensor_type=<SensorTypes.TEMPERATURE: 1>) into db
DEBUG:root:inserted reading into <deta.base._Base object at 0x1066165f0>
DEBUG:root:inserted reading into <deta.base._Base object at 0x106616830>
DEBUG:root:NotificationType.RAPID_INCREASE
DEBUG:root:Appended (Reading(datetime=1665021239, event='f3ec6e7b-382b-472b-ad13-c52d7327cf76', best_lat=45.5728875, best_long=-122.66610937499999, sensor_name='notecard', sensor_reading=10.0, recent_average=10.0, sensor_type=<SensorTypes.TEMPERATURE: 1>), <NotificationType.RAPID_INCREASE: 3>) to notification queue.
DEBUG:root:Reading(datetime=1665021239, event='f3ec6e7b-382b-472b-ad13-c52d7327cf76', best_lat=45.5728875, best_long=-122.66610937499999, sensor_name='notecard2', sensor_reading=10.0, recent_average=10.0, sensor_type=<SensorTypes.TEMPERATURE: 1>) into db
DEBUG:root:inserted reading into <deta.base._Base object at 0x1066165f0>
DEBUG:root:inserted reading into <deta.base._Base object at 0x106616830>
DEBUG:root:NotificationType.RAPID_INCREASE
DEBUG:root:Appended (Reading(datetime=1665021239, event='f3ec6e7b-382b-472b-ad13-c52d7327cf76', best_lat=45.5728875, best_long=-122.66610937499999, sensor_name='notecard2', sensor_reading=10.0, recent_average=10.0, sensor_type=<SensorTypes.TEMPERATURE: 1>), <NotificationType.RAPID_INCREASE: 3>) to notification queue.
DEBUG:root:[(Reading(datetime=1665021239, event='f3ec6e7b-382b-472b-ad13-c52d7327cf76', best_lat=45.5728875, best_long=-122.66610937499999, sensor_name='arduino_1', sensor_reading=10.0, recent_average=10.0, sensor_type=<SensorTypes.TEMPERATURE: 1>), <NotificationType.RAPID_INCREASE: 3>), (Reading(datetime=1665021239, event='f3ec6e7b-382b-472b-ad13-c52d7327cf76', best_lat=45.5728875, best_long=-122.66610937499999, sensor_name='notecard', sensor_reading=10.0, recent_average=10.0, sensor_type=<SensorTypes.TEMPERATURE: 1>), <NotificationType.RAPID_INCREASE: 3>), (Reading(datetime=1665021239, event='f3ec6e7b-382b-472b-ad13-c52d7327cf76', best_lat=45.5728875, best_long=-122.66610937499999, sensor_name='notecard2', sensor_reading=10.0, recent_average=10.0, sensor_type=<SensorTypes.TEMPERATURE: 1>), <NotificationType.RAPID_INCREASE: 3>)]
INFO:twilio.http_client:-- BEGIN Twilio API Request --
INFO:twilio.http_client:POST Request: https://api.twilio.com/2010-04-01/Accounts/ACefcec33b19c3caff117e887becc55b1f/Messages.json
INFO:twilio.http_client:Headers:
INFO:twilio.http_client:User-Agent : twilio-python/7.15.0 (Darwin arm64) Python/3.10.4
INFO:twilio.http_client:X-Twilio-Client : python-7.15.0
INFO:twilio.http_client:Accept-Charset : utf-8
INFO:twilio.http_client:Content-Type : application/x-www-form-urlencoded
INFO:twilio.http_client:Accept : application/json
INFO:twilio.http_client:-- END Twilio API Request --
DEBUG:urllib3.connectionpool:Starting new HTTPS connection (1): api.twilio.com:443
DEBUG:urllib3.connectionpool:https://api.twilio.com:443 "POST /2010-04-01/Accounts/ACefcec33b19c3caff117e887becc55b1f/Messages.json HTTP/1.1" 201 978
INFO:twilio.http_client:Response Status Code: 201
INFO:twilio.http_client:Response Headers: {'Date': 'Wed, 02 Nov 2022 19:31:22 GMT', 'Content-Type': 'application/json; charset=utf-8', 'Content-Length': '978', 'Connection': 'keep-alive', 'Twilio-Concurrent-Requests': '1', 'Twilio-Request-Id': 'RQ5643b159cf2533a3660a54cca4612b00', 'Twilio-Request-Duration': '0.126', 'Access-Control-Allow-Origin': '*', 'Access-Control-Allow-Headers': 'Accept, Authorization, Content-Type, If-Match, If-Modified-Since, If-None-Match, If-Unmodified-Since, Idempotency-Key', 'Access-Control-Allow-Methods': 'GET, POST, DELETE, OPTIONS', 'Access-Control-Expose-Headers': 'ETag', 'Access-Control-Allow-Credentials': 'true', 'X-Powered-By': 'AT-5000', 'X-Shenanigans': 'none', 'X-Home-Region': 'us1', 'X-API-Domain': 'api.twilio.com', 'Strict-Transport-Security': 'max-age=31536000'}
